{"uuid":"0a8a7037-ff55-4ea1-9bc9-f54d10ac1f9b","historyId":"283f151d84701529357481584a8d3aa9","fullName":"com.cryptonaute.tests.Page404Test.verifyThatRobotsPageIIsOpenedAndLooksAsExpected","labels":[{"name":"package","value":"com.cryptonaute.tests.Page404Test"},{"name":"testClass","value":"com.cryptonaute.tests.Page404Test"},{"name":"testMethod","value":"verifyThatRobotsPageIIsOpenedAndLooksAsExpected"},{"name":"parentSuite","value":"Default Suite"},{"name":"suite","value":"Cryptonatue-master"},{"name":"subSuite","value":"com.cryptonaute.tests.Page404Test"},{"name":"host","value":"Weisetech"},{"name":"thread","value":"39980@Weisetech.main(1)"},{"name":"framework","value":"testng"},{"name":"language","value":"java"}],"links":[],"name":"verifyThatRobotsPageIIsOpenedAndLooksAsExpected","status":"broken","statusDetails":{"known":false,"muted":false,"flaky":false,"message":"Expected element is not found. Loaded page is incorrect\nBuild info: version: '4.11.0', revision: '040bc5406b'\nSystem info: os.name: 'Windows 11', os.arch: 'amd64', os.version: '10.0', java.version: '21.0.7'\nDriver info: driver.version: unknown","trace":"framework.forms.BasePage$IncorrectPageException: Expected element is not found. Loaded page is incorrect\nBuild info: version: '4.11.0', revision: '040bc5406b'\nSystem info: os.name: 'Windows 11', os.arch: 'amd64', os.version: '10.0', java.version: '21.0.7'\nDriver info: driver.version: unknown\r\n\tat framework.forms.BasePage.assertCorrectPage(BasePage.java:121)\r\n\tat framework.forms.BasePage.<init>(BasePage.java:72)\r\n\tat com.cryptonaute.pages.StandardPage.<init>(StandardPage.java:24)\r\n\tat com.cryptonaute.templates.Page404Template.<init>(Page404Template.java:25)\r\n\tat com.cryptonaute.tests.Page404Test.verifyThatRobotsPageIIsOpenedAndLooksAsExpected(Page404Test.java:18)\r\n\tat java.base/jdk.internal.reflect.DirectMethodHandleAccessor.invoke(DirectMethodHandleAccessor.java:103)\r\n\tat java.base/java.lang.reflect.Method.invoke(Method.java:580)\r\n\tat org.testng.internal.invokers.MethodInvocationHelper.invokeMethod(MethodInvocationHelper.java:141)\r\n\tat org.testng.internal.invokers.TestInvoker.invokeMethod(TestInvoker.java:687)\r\n\tat org.testng.internal.invokers.TestInvoker.invokeTestMethod(TestInvoker.java:230)\r\n\tat org.testng.internal.invokers.MethodRunner.runInSequence(MethodRunner.java:63)\r\n\tat org.testng.internal.invokers.TestInvoker$MethodInvocationAgent.invoke(TestInvoker.java:995)\r\n\tat org.testng.internal.invokers.TestInvoker.invokeTestMethods(TestInvoker.java:203)\r\n\tat org.testng.internal.invokers.TestMethodWorker.invokeTestMethods(TestMethodWorker.java:154)\r\n\tat org.testng.internal.invokers.TestMethodWorker.run(TestMethodWorker.java:134)\r\n\tat java.base/java.util.ArrayList.forEach(ArrayList.java:1596)\r\n\tat org.testng.TestRunner.privateRun(TestRunner.java:741)\r\n\tat org.testng.TestRunner.run(TestRunner.java:616)\r\n\tat org.testng.SuiteRunner.runTest(SuiteRunner.java:421)\r\n\tat org.testng.SuiteRunner.runSequentially(SuiteRunner.java:413)\r\n\tat org.testng.SuiteRunner.privateRun(SuiteRunner.java:373)\r\n\tat org.testng.SuiteRunner.run(SuiteRunner.java:312)\r\n\tat org.testng.SuiteRunnerWorker.runSuite(SuiteRunnerWorker.java:52)\r\n\tat org.testng.SuiteRunnerWorker.run(SuiteRunnerWorker.java:95)\r\n\tat org.testng.TestNG.runSuitesSequentially(TestNG.java:1274)\r\n\tat org.testng.TestNG.runSuitesLocally(TestNG.java:1208)\r\n\tat org.testng.TestNG.runSuites(TestNG.java:1112)\r\n\tat org.testng.TestNG.run(TestNG.java:1079)\r\n\tat com.intellij.rt.testng.IDEARemoteTestNG.run(IDEARemoteTestNG.java:65)\r\n\tat com.intellij.rt.testng.RemoteTestNGStarter.main(RemoteTestNGStarter.java:105)\r\n"},"stage":"finished","steps":[{"name":"Opening 'Just a moment...' page...","status":"passed","stage":"finished","steps":[],"attachments":[],"parameters":[{"name":"pageLocator","value":"By.xpath: //a[@class='header-logo-link']//img"},{"name":"pageTitle","value":"Just a moment..."}],"start":1767361268775,"stop":1767361268775},{"name":"Checking whether opened page is correct...","status":"broken","statusDetails":{"known":false,"muted":false,"flaky":false,"message":"Expected element is not found. Loaded page is incorrect\nBuild info: version: '4.11.0', revision: '040bc5406b'\nSystem info: os.name: 'Windows 11', os.arch: 'amd64', os.version: '10.0', java.version: '21.0.7'\nDriver info: driver.version: unknown","trace":"framework.forms.BasePage$IncorrectPageException: Expected element is not found. Loaded page is incorrect\nBuild info: version: '4.11.0', revision: '040bc5406b'\nSystem info: os.name: 'Windows 11', os.arch: 'amd64', os.version: '10.0', java.version: '21.0.7'\nDriver info: driver.version: unknown\r\n\tat framework.forms.BasePage.assertCorrectPage(BasePage.java:121)\r\n\tat framework.forms.BasePage.<init>(BasePage.java:72)\r\n\tat com.cryptonaute.pages.StandardPage.<init>(StandardPage.java:24)\r\n\tat com.cryptonaute.templates.Page404Template.<init>(Page404Template.java:25)\r\n\tat com.cryptonaute.tests.Page404Test.verifyThatRobotsPageIIsOpenedAndLooksAsExpected(Page404Test.java:18)\r\n\tat java.base/jdk.internal.reflect.DirectMethodHandleAccessor.invoke(DirectMethodHandleAccessor.java:103)\r\n\tat java.base/java.lang.reflect.Method.invoke(Method.java:580)\r\n\tat org.testng.internal.invokers.MethodInvocationHelper.invokeMethod(MethodInvocationHelper.java:141)\r\n\tat org.testng.internal.invokers.TestInvoker.invokeMethod(TestInvoker.java:687)\r\n\tat org.testng.internal.invokers.TestInvoker.invokeTestMethod(TestInvoker.java:230)\r\n\tat org.testng.internal.invokers.MethodRunner.runInSequence(MethodRunner.java:63)\r\n\tat org.testng.internal.invokers.TestInvoker$MethodInvocationAgent.invoke(TestInvoker.java:995)\r\n\tat org.testng.internal.invokers.TestInvoker.invokeTestMethods(TestInvoker.java:203)\r\n\tat org.testng.internal.invokers.TestMethodWorker.invokeTestMethods(TestMethodWorker.java:154)\r\n\tat org.testng.internal.invokers.TestMethodWorker.run(TestMethodWorker.java:134)\r\n\tat java.base/java.util.ArrayList.forEach(ArrayList.java:1596)\r\n\tat org.testng.TestRunner.privateRun(TestRunner.java:741)\r\n\tat org.testng.TestRunner.run(TestRunner.java:616)\r\n\tat org.testng.SuiteRunner.runTest(SuiteRunner.java:421)\r\n\tat org.testng.SuiteRunner.runSequentially(SuiteRunner.java:413)\r\n\tat org.testng.SuiteRunner.privateRun(SuiteRunner.java:373)\r\n\tat org.testng.SuiteRunner.run(SuiteRunner.java:312)\r\n\tat org.testng.SuiteRunnerWorker.runSuite(SuiteRunnerWorker.java:52)\r\n\tat org.testng.SuiteRunnerWorker.run(SuiteRunnerWorker.java:95)\r\n\tat org.testng.TestNG.runSuitesSequentially(TestNG.java:1274)\r\n\tat org.testng.TestNG.runSuitesLocally(TestNG.java:1208)\r\n\tat org.testng.TestNG.runSuites(TestNG.java:1112)\r\n\tat org.testng.TestNG.run(TestNG.java:1079)\r\n\tat com.intellij.rt.testng.IDEARemoteTestNG.run(IDEARemoteTestNG.java:65)\r\n\tat com.intellij.rt.testng.RemoteTestNGStarter.main(RemoteTestNGStarter.java:105)\r\n"},"stage":"finished","steps":[],"attachments":[],"parameters":[],"start":1767361268775,"stop":1767361492801}],"attachments":[],"parameters":[],"start":1767361172166,"stop":1767361492810}