{"uuid":"4681386b-007c-4d7f-8b3e-c304c862010d","historyId":"3b917fe4d201cb4c1bc85e40d78c0cc7","fullName":"com.cryptonaute.tests.BMTest.verifyThatBMPageIsOpenAsExpected","labels":[{"name":"package","value":"com.cryptonaute.tests.BMTest"},{"name":"testClass","value":"com.cryptonaute.tests.BMTest"},{"name":"testMethod","value":"verifyThatBMPageIsOpenAsExpected"},{"name":"parentSuite","value":"Default Suite"},{"name":"suite","value":"Cryptonatue-master"},{"name":"subSuite","value":"com.cryptonaute.tests.BMTest"},{"name":"host","value":"Weisetech"},{"name":"thread","value":"21812@Weisetech.main(1)"},{"name":"framework","value":"testng"},{"name":"language","value":"java"}],"links":[],"name":"verifyThatBMPageIsOpenAsExpected","status":"failed","statusDetails":{"known":false,"muted":false,"flaky":false,"message":"Button 'Refuse the pop up' is absent expected [true] but found [false]","trace":"java.lang.AssertionError: Button 'Refuse the pop up' is absent expected [true] but found [false]\r\n\tat org.testng.Assert.fail(Assert.java:111)\r\n\tat org.testng.Assert.failNotEquals(Assert.java:1590)\r\n\tat org.testng.Assert.assertTrue(Assert.java:57)\r\n\tat framework.elements.BaseElement.assertElementIsVisible(BaseElement.java:241)\r\n\tat framework.elements.BaseElement.moveToElement(BaseElement.java:338)\r\n\tat framework.elements.BaseElement.click(BaseElement.java:356)\r\n\tat com.cryptonaute.templates.BMPage.PopupClosed(BMPage.java:36)\r\n\tat com.cryptonaute.tests.BMTest.verifyThatBMPageIsOpenAsExpected(BMTest.java:27)\r\n\tat java.base/jdk.internal.reflect.DirectMethodHandleAccessor.invoke(DirectMethodHandleAccessor.java:103)\r\n\tat java.base/java.lang.reflect.Method.invoke(Method.java:580)\r\n\tat org.testng.internal.invokers.MethodInvocationHelper.invokeMethod(MethodInvocationHelper.java:141)\r\n\tat org.testng.internal.invokers.TestInvoker.invokeMethod(TestInvoker.java:687)\r\n\tat org.testng.internal.invokers.TestInvoker.invokeTestMethod(TestInvoker.java:230)\r\n\tat org.testng.internal.invokers.MethodRunner.runInSequence(MethodRunner.java:63)\r\n\tat org.testng.internal.invokers.TestInvoker$MethodInvocationAgent.invoke(TestInvoker.java:995)\r\n\tat org.testng.internal.invokers.TestInvoker.invokeTestMethods(TestInvoker.java:203)\r\n\tat org.testng.internal.invokers.TestMethodWorker.invokeTestMethods(TestMethodWorker.java:154)\r\n\tat org.testng.internal.invokers.TestMethodWorker.run(TestMethodWorker.java:134)\r\n\tat java.base/java.util.ArrayList.forEach(ArrayList.java:1596)\r\n\tat org.testng.TestRunner.privateRun(TestRunner.java:741)\r\n\tat org.testng.TestRunner.run(TestRunner.java:616)\r\n\tat org.testng.SuiteRunner.runTest(SuiteRunner.java:421)\r\n\tat org.testng.SuiteRunner.runSequentially(SuiteRunner.java:413)\r\n\tat org.testng.SuiteRunner.privateRun(SuiteRunner.java:373)\r\n\tat org.testng.SuiteRunner.run(SuiteRunner.java:312)\r\n\tat org.testng.SuiteRunnerWorker.runSuite(SuiteRunnerWorker.java:52)\r\n\tat org.testng.SuiteRunnerWorker.run(SuiteRunnerWorker.java:95)\r\n\tat org.testng.TestNG.runSuitesSequentially(TestNG.java:1274)\r\n\tat org.testng.TestNG.runSuitesLocally(TestNG.java:1208)\r\n\tat org.testng.TestNG.runSuites(TestNG.java:1112)\r\n\tat org.testng.TestNG.run(TestNG.java:1079)\r\n\tat com.intellij.rt.testng.IDEARemoteTestNG.run(IDEARemoteTestNG.java:65)\r\n\tat com.intellij.rt.testng.RemoteTestNGStarter.main(RemoteTestNGStarter.java:105)\r\n"},"stage":"finished","steps":[{"name":"Opening 'Cryptonaute - L'actualité Crypto, Bitcoin, NFT et Web3' page...","status":"passed","stage":"finished","steps":[],"attachments":[],"parameters":[{"name":"pageLocator","value":"By.xpath: //a[@class='header-logo-link']//img"},{"name":"pageTitle","value":"Cryptonaute - L'actualité Crypto, Bitcoin, NFT et Web3"}],"start":1767621049448,"stop":1767621049449},{"name":"Checking whether opened page is correct...","status":"passed","stage":"finished","steps":[],"attachments":[],"parameters":[],"start":1767621049449,"stop":1767621049470},{"name":"Open BM Page","status":"passed","stage":"finished","steps":[],"attachments":[],"parameters":[],"start":1767621049474,"stop":1767621049474},{"name":"Pop up refused","status":"failed","statusDetails":{"known":false,"muted":false,"flaky":false,"message":"Button 'Refuse the pop up' is absent expected [true] but found [false]","trace":"java.lang.AssertionError: Button 'Refuse the pop up' is absent expected [true] but found [false]\r\n\tat org.testng.Assert.fail(Assert.java:111)\r\n\tat org.testng.Assert.failNotEquals(Assert.java:1590)\r\n\tat org.testng.Assert.assertTrue(Assert.java:57)\r\n\tat framework.elements.BaseElement.assertElementIsVisible(BaseElement.java:241)\r\n\tat framework.elements.BaseElement.moveToElement(BaseElement.java:338)\r\n\tat framework.elements.BaseElement.click(BaseElement.java:356)\r\n\tat com.cryptonaute.templates.BMPage.PopupClosed(BMPage.java:36)\r\n\tat com.cryptonaute.tests.BMTest.verifyThatBMPageIsOpenAsExpected(BMTest.java:27)\r\n\tat java.base/jdk.internal.reflect.DirectMethodHandleAccessor.invoke(DirectMethodHandleAccessor.java:103)\r\n\tat java.base/java.lang.reflect.Method.invoke(Method.java:580)\r\n\tat org.testng.internal.invokers.MethodInvocationHelper.invokeMethod(MethodInvocationHelper.java:141)\r\n\tat org.testng.internal.invokers.TestInvoker.invokeMethod(TestInvoker.java:687)\r\n\tat org.testng.internal.invokers.TestInvoker.invokeTestMethod(TestInvoker.java:230)\r\n\tat org.testng.internal.invokers.MethodRunner.runInSequence(MethodRunner.java:63)\r\n\tat org.testng.internal.invokers.TestInvoker$MethodInvocationAgent.invoke(TestInvoker.java:995)\r\n\tat org.testng.internal.invokers.TestInvoker.invokeTestMethods(TestInvoker.java:203)\r\n\tat org.testng.internal.invokers.TestMethodWorker.invokeTestMethods(TestMethodWorker.java:154)\r\n\tat org.testng.internal.invokers.TestMethodWorker.run(TestMethodWorker.java:134)\r\n\tat java.base/java.util.ArrayList.forEach(ArrayList.java:1596)\r\n\tat org.testng.TestRunner.privateRun(TestRunner.java:741)\r\n\tat org.testng.TestRunner.run(TestRunner.java:616)\r\n\tat org.testng.SuiteRunner.runTest(SuiteRunner.java:421)\r\n\tat org.testng.SuiteRunner.runSequentially(SuiteRunner.java:413)\r\n\tat org.testng.SuiteRunner.privateRun(SuiteRunner.java:373)\r\n\tat org.testng.SuiteRunner.run(SuiteRunner.java:312)\r\n\tat org.testng.SuiteRunnerWorker.runSuite(SuiteRunnerWorker.java:52)\r\n\tat org.testng.SuiteRunnerWorker.run(SuiteRunnerWorker.java:95)\r\n\tat org.testng.TestNG.runSuitesSequentially(TestNG.java:1274)\r\n\tat org.testng.TestNG.runSuitesLocally(TestNG.java:1208)\r\n\tat org.testng.TestNG.runSuites(TestNG.java:1112)\r\n\tat org.testng.TestNG.run(TestNG.java:1079)\r\n\tat com.intellij.rt.testng.IDEARemoteTestNG.run(IDEARemoteTestNG.java:65)\r\n\tat com.intellij.rt.testng.RemoteTestNGStarter.main(RemoteTestNGStarter.java:105)\r\n"},"stage":"finished","steps":[],"attachments":[],"parameters":[],"start":1767621052424,"stop":1767621143188}],"attachments":[],"parameters":[],"start":1767620948625,"stop":1767621143194}