{"uuid":"c52ab00b-0c76-4189-9b66-248239b32a51","historyId":"5f93a01c7845616a2192d64e9e81fcc0","fullName":"com.cryptonaute.tests.HomePageTest.checkHomePage","labels":[{"name":"package","value":"com.cryptonaute.tests.HomePageTest"},{"name":"testClass","value":"com.cryptonaute.tests.HomePageTest"},{"name":"testMethod","value":"checkHomePage"},{"name":"parentSuite","value":"Cryptonaute Suite"},{"name":"suite","value":"Regress"},{"name":"subSuite","value":"com.cryptonaute.tests.HomePageTest"},{"name":"host","value":"Weisetech"},{"name":"thread","value":"33596@Weisetech.TestNG-test-Regress-3(63)"},{"name":"framework","value":"testng"},{"name":"language","value":"java"}],"links":[],"name":"checkHomePage","status":"broken","statusDetails":{"known":false,"muted":false,"flaky":false,"message":"Expected element is not found. Loaded page is incorrect\nBuild info: version: '4.11.0', revision: '040bc5406b'\nSystem info: os.name: 'Windows 11', os.arch: 'amd64', os.version: '10.0', java.version: '21.0.7'\nDriver info: driver.version: unknown","trace":"framework.forms.BasePage$IncorrectPageException: Expected element is not found. Loaded page is incorrect\nBuild info: version: '4.11.0', revision: '040bc5406b'\nSystem info: os.name: 'Windows 11', os.arch: 'amd64', os.version: '10.0', java.version: '21.0.7'\nDriver info: driver.version: unknown\r\n\tat framework.forms.BasePage.assertCorrectPage(BasePage.java:121)\r\n\tat framework.forms.BasePage.<init>(BasePage.java:72)\r\n\tat com.cryptonaute.pages.StandardPage.<init>(StandardPage.java:19)\r\n\tat com.cryptonaute.templates.HomePage.<init>(HomePage.java:28)\r\n\tat com.cryptonaute.tests.HomePageTest.checkHomePage(HomePageTest.java:16)\r\n\tat java.base/jdk.internal.reflect.DirectMethodHandleAccessor.invoke(DirectMethodHandleAccessor.java:103)\r\n\tat java.base/java.lang.reflect.Method.invoke(Method.java:580)\r\n\tat org.testng.internal.invokers.MethodInvocationHelper.invokeMethod(MethodInvocationHelper.java:141)\r\n\tat org.testng.internal.invokers.TestInvoker.invokeMethod(TestInvoker.java:687)\r\n\tat org.testng.internal.invokers.TestInvoker.invokeTestMethod(TestInvoker.java:230)\r\n\tat org.testng.internal.invokers.MethodRunner.runInSequence(MethodRunner.java:63)\r\n\tat org.testng.internal.invokers.TestInvoker$MethodInvocationAgent.invoke(TestInvoker.java:995)\r\n\tat org.testng.internal.invokers.TestInvoker.invokeTestMethods(TestInvoker.java:203)\r\n\tat org.testng.internal.invokers.TestMethodWorker.invokeTestMethods(TestMethodWorker.java:154)\r\n\tat org.testng.internal.invokers.TestMethodWorker.run(TestMethodWorker.java:134)\r\n\tat java.base/java.util.concurrent.Executors$RunnableAdapter.call(Executors.java:572)\r\n\tat java.base/java.util.concurrent.FutureTask.run(FutureTask.java:317)\r\n\tat org.testng.internal.thread.graph.TestNGFutureTask.run(TestNGFutureTask.java:22)\r\n\tat java.base/java.util.concurrent.ThreadPoolExecutor.runWorker(ThreadPoolExecutor.java:1144)\r\n\tat java.base/java.util.concurrent.ThreadPoolExecutor$Worker.run(ThreadPoolExecutor.java:642)\r\n\tat java.base/java.lang.Thread.run(Thread.java:1583)\r\n"},"stage":"finished","steps":[{"name":"Opening 'Just a moment...' page...","status":"passed","stage":"finished","steps":[],"attachments":[],"parameters":[{"name":"pageLocator","value":"By.xpath: //body[contains(@class, \"page-id-143122\")]"},{"name":"pageTitle","value":"Just a moment..."}],"start":1768213473925,"stop":1768213473925},{"name":"Checking whether opened page is correct...","status":"broken","statusDetails":{"known":false,"muted":false,"flaky":false,"message":"Expected element is not found. Loaded page is incorrect\nBuild info: version: '4.11.0', revision: '040bc5406b'\nSystem info: os.name: 'Windows 11', os.arch: 'amd64', os.version: '10.0', java.version: '21.0.7'\nDriver info: driver.version: unknown","trace":"framework.forms.BasePage$IncorrectPageException: Expected element is not found. Loaded page is incorrect\nBuild info: version: '4.11.0', revision: '040bc5406b'\nSystem info: os.name: 'Windows 11', os.arch: 'amd64', os.version: '10.0', java.version: '21.0.7'\nDriver info: driver.version: unknown\r\n\tat framework.forms.BasePage.assertCorrectPage(BasePage.java:121)\r\n\tat framework.forms.BasePage.<init>(BasePage.java:72)\r\n\tat com.cryptonaute.pages.StandardPage.<init>(StandardPage.java:19)\r\n\tat com.cryptonaute.templates.HomePage.<init>(HomePage.java:28)\r\n\tat com.cryptonaute.tests.HomePageTest.checkHomePage(HomePageTest.java:16)\r\n\tat java.base/jdk.internal.reflect.DirectMethodHandleAccessor.invoke(DirectMethodHandleAccessor.java:103)\r\n\tat java.base/java.lang.reflect.Method.invoke(Method.java:580)\r\n\tat org.testng.internal.invokers.MethodInvocationHelper.invokeMethod(MethodInvocationHelper.java:141)\r\n\tat org.testng.internal.invokers.TestInvoker.invokeMethod(TestInvoker.java:687)\r\n\tat org.testng.internal.invokers.TestInvoker.invokeTestMethod(TestInvoker.java:230)\r\n\tat org.testng.internal.invokers.MethodRunner.runInSequence(MethodRunner.java:63)\r\n\tat org.testng.internal.invokers.TestInvoker$MethodInvocationAgent.invoke(TestInvoker.java:995)\r\n\tat org.testng.internal.invokers.TestInvoker.invokeTestMethods(TestInvoker.java:203)\r\n\tat org.testng.internal.invokers.TestMethodWorker.invokeTestMethods(TestMethodWorker.java:154)\r\n\tat org.testng.internal.invokers.TestMethodWorker.run(TestMethodWorker.java:134)\r\n\tat java.base/java.util.concurrent.Executors$RunnableAdapter.call(Executors.java:572)\r\n\tat java.base/java.util.concurrent.FutureTask.run(FutureTask.java:317)\r\n\tat org.testng.internal.thread.graph.TestNGFutureTask.run(TestNGFutureTask.java:22)\r\n\tat java.base/java.util.concurrent.ThreadPoolExecutor.runWorker(ThreadPoolExecutor.java:1144)\r\n\tat java.base/java.util.concurrent.ThreadPoolExecutor$Worker.run(ThreadPoolExecutor.java:642)\r\n\tat java.base/java.lang.Thread.run(Thread.java:1583)\r\n"},"stage":"finished","steps":[],"attachments":[],"parameters":[],"start":1768213473926,"stop":1768213808482}],"attachments":[],"parameters":[],"start":1768213330893,"stop":1768213808483}