{"uuid":"d99730b5-c672-4ae8-a181-b3013bca271c","historyId":"cf2b77ea3f4143a06256cf4dfbe52900","fullName":"com.cryptonaute.tests.AuthorTest.verifyThatAuthorPageIsOpenedAndLooksAsExpected","labels":[{"name":"package","value":"com.cryptonaute.tests.AuthorTest"},{"name":"testClass","value":"com.cryptonaute.tests.AuthorTest"},{"name":"testMethod","value":"verifyThatAuthorPageIsOpenedAndLooksAsExpected"},{"name":"parentSuite","value":"Cryptonaute Suite"},{"name":"suite","value":"Regress"},{"name":"subSuite","value":"com.cryptonaute.tests.AuthorTest"},{"name":"host","value":"Weisetech"},{"name":"thread","value":"30756@Weisetech.TestNG-test-Regress-1(57)"},{"name":"framework","value":"testng"},{"name":"language","value":"java"}],"links":[],"name":"verifyThatAuthorPageIsOpenedAndLooksAsExpected","status":"failed","statusDetails":{"known":false,"muted":false,"flaky":false,"message":"Author title contains static name expected [true] but found [false]","trace":"java.lang.AssertionError: Author title contains static name expected [true] but found [false]\r\n\tat org.testng.Assert.fail(Assert.java:111)\r\n\tat org.testng.Assert.failNotEquals(Assert.java:1590)\r\n\tat org.testng.Assert.assertTrue(Assert.java:57)\r\n\tat com.cryptonaute.templates.AuthorPage.verifyAuthorBlockData(AuthorPage.java:79)\r\n\tat com.cryptonaute.tests.AuthorTest.verifyThatAuthorPageIsOpenedAndLooksAsExpected(AuthorTest.java:20)\r\n\tat java.base/jdk.internal.reflect.DirectMethodHandleAccessor.invoke(DirectMethodHandleAccessor.java:103)\r\n\tat java.base/java.lang.reflect.Method.invoke(Method.java:580)\r\n\tat org.testng.internal.invokers.MethodInvocationHelper.invokeMethod(MethodInvocationHelper.java:141)\r\n\tat org.testng.internal.invokers.TestInvoker.invokeMethod(TestInvoker.java:687)\r\n\tat org.testng.internal.invokers.TestInvoker.invokeTestMethod(TestInvoker.java:230)\r\n\tat org.testng.internal.invokers.MethodRunner.runInSequence(MethodRunner.java:63)\r\n\tat org.testng.internal.invokers.TestInvoker$MethodInvocationAgent.invoke(TestInvoker.java:995)\r\n\tat org.testng.internal.invokers.TestInvoker.invokeTestMethods(TestInvoker.java:203)\r\n\tat org.testng.internal.invokers.TestMethodWorker.invokeTestMethods(TestMethodWorker.java:154)\r\n\tat org.testng.internal.invokers.TestMethodWorker.run(TestMethodWorker.java:134)\r\n\tat java.base/java.util.concurrent.Executors$RunnableAdapter.call(Executors.java:572)\r\n\tat java.base/java.util.concurrent.FutureTask.run(FutureTask.java:317)\r\n\tat org.testng.internal.thread.graph.TestNGFutureTask.run(TestNGFutureTask.java:22)\r\n\tat java.base/java.util.concurrent.ThreadPoolExecutor.runWorker(ThreadPoolExecutor.java:1144)\r\n\tat java.base/java.util.concurrent.ThreadPoolExecutor$Worker.run(ThreadPoolExecutor.java:642)\r\n\tat java.base/java.lang.Thread.run(Thread.java:1583)\r\n"},"stage":"finished","steps":[{"name":"Open Author page","status":"passed","stage":"finished","steps":[],"attachments":[],"parameters":[],"start":1767941852124,"stop":1767941852124},{"name":"Verifying Author Blocks","status":"passed","stage":"finished","steps":[],"attachments":[],"parameters":[],"start":1767941864118,"stop":1767941865050},{"name":"Verifying Authors block data","status":"failed","statusDetails":{"known":false,"muted":false,"flaky":false,"message":"Author title contains static name expected [true] but found [false]","trace":"java.lang.AssertionError: Author title contains static name expected [true] but found [false]\r\n\tat org.testng.Assert.fail(Assert.java:111)\r\n\tat org.testng.Assert.failNotEquals(Assert.java:1590)\r\n\tat org.testng.Assert.assertTrue(Assert.java:57)\r\n\tat com.cryptonaute.templates.AuthorPage.verifyAuthorBlockData(AuthorPage.java:79)\r\n\tat com.cryptonaute.tests.AuthorTest.verifyThatAuthorPageIsOpenedAndLooksAsExpected(AuthorTest.java:20)\r\n\tat java.base/jdk.internal.reflect.DirectMethodHandleAccessor.invoke(DirectMethodHandleAccessor.java:103)\r\n\tat java.base/java.lang.reflect.Method.invoke(Method.java:580)\r\n\tat org.testng.internal.invokers.MethodInvocationHelper.invokeMethod(MethodInvocationHelper.java:141)\r\n\tat org.testng.internal.invokers.TestInvoker.invokeMethod(TestInvoker.java:687)\r\n\tat org.testng.internal.invokers.TestInvoker.invokeTestMethod(TestInvoker.java:230)\r\n\tat org.testng.internal.invokers.MethodRunner.runInSequence(MethodRunner.java:63)\r\n\tat org.testng.internal.invokers.TestInvoker$MethodInvocationAgent.invoke(TestInvoker.java:995)\r\n\tat org.testng.internal.invokers.TestInvoker.invokeTestMethods(TestInvoker.java:203)\r\n\tat org.testng.internal.invokers.TestMethodWorker.invokeTestMethods(TestMethodWorker.java:154)\r\n\tat org.testng.internal.invokers.TestMethodWorker.run(TestMethodWorker.java:134)\r\n\tat java.base/java.util.concurrent.Executors$RunnableAdapter.call(Executors.java:572)\r\n\tat java.base/java.util.concurrent.FutureTask.run(FutureTask.java:317)\r\n\tat org.testng.internal.thread.graph.TestNGFutureTask.run(TestNGFutureTask.java:22)\r\n\tat java.base/java.util.concurrent.ThreadPoolExecutor.runWorker(ThreadPoolExecutor.java:1144)\r\n\tat java.base/java.util.concurrent.ThreadPoolExecutor$Worker.run(ThreadPoolExecutor.java:642)\r\n\tat java.base/java.lang.Thread.run(Thread.java:1583)\r\n"},"stage":"finished","steps":[],"attachments":[],"parameters":[{"name":"name","value":"Romaric Saint Aubert"}],"start":1767941865050,"stop":1767941865216}],"attachments":[],"parameters":[],"start":1767941852101,"stop":1767941865217}