{"uuid":"debb78a9-6ea7-46f6-bfeb-0328d284be0a","historyId":"3b917fe4d201cb4c1bc85e40d78c0cc7","fullName":"com.cryptonaute.tests.BMTest.verifyThatBMPageIsOpenAsExpected","labels":[{"name":"package","value":"com.cryptonaute.tests.BMTest"},{"name":"testClass","value":"com.cryptonaute.tests.BMTest"},{"name":"testMethod","value":"verifyThatBMPageIsOpenAsExpected"},{"name":"parentSuite","value":"Cryptonaute Suite"},{"name":"suite","value":"Regress"},{"name":"subSuite","value":"com.cryptonaute.tests.BMTest"},{"name":"host","value":"Weisetech"},{"name":"thread","value":"27232@Weisetech.TestNG-test-Regress-1(60)"},{"name":"framework","value":"testng"},{"name":"language","value":"java"}],"links":[],"name":"verifyThatBMPageIsOpenAsExpected","status":"failed","statusDetails":{"known":false,"muted":false,"flaky":false,"message":"Button 'Refuse the pop up' is absent expected [true] but found [false]","trace":"java.lang.AssertionError: Button 'Refuse the pop up' is absent expected [true] but found [false]\r\n\tat org.testng.Assert.fail(Assert.java:111)\r\n\tat org.testng.Assert.failNotEquals(Assert.java:1590)\r\n\tat org.testng.Assert.assertTrue(Assert.java:57)\r\n\tat framework.elements.BaseElement.assertElementIsVisible(BaseElement.java:241)\r\n\tat framework.elements.BaseElement.moveToElement(BaseElement.java:338)\r\n\tat framework.elements.BaseElement.click(BaseElement.java:356)\r\n\tat com.cryptonaute.templates.BMPage.PopupClosed(BMPage.java:36)\r\n\tat com.cryptonaute.tests.BMTest.verifyThatBMPageIsOpenAsExpected(BMTest.java:27)\r\n\tat java.base/jdk.internal.reflect.DirectMethodHandleAccessor.invoke(DirectMethodHandleAccessor.java:103)\r\n\tat java.base/java.lang.reflect.Method.invoke(Method.java:580)\r\n\tat org.testng.internal.invokers.MethodInvocationHelper.invokeMethod(MethodInvocationHelper.java:141)\r\n\tat org.testng.internal.invokers.TestInvoker.invokeMethod(TestInvoker.java:687)\r\n\tat org.testng.internal.invokers.TestInvoker.invokeTestMethod(TestInvoker.java:230)\r\n\tat org.testng.internal.invokers.MethodRunner.runInSequence(MethodRunner.java:63)\r\n\tat org.testng.internal.invokers.TestInvoker$MethodInvocationAgent.invoke(TestInvoker.java:995)\r\n\tat org.testng.internal.invokers.TestInvoker.invokeTestMethods(TestInvoker.java:203)\r\n\tat org.testng.internal.invokers.TestMethodWorker.invokeTestMethods(TestMethodWorker.java:154)\r\n\tat org.testng.internal.invokers.TestMethodWorker.run(TestMethodWorker.java:134)\r\n\tat java.base/java.util.concurrent.Executors$RunnableAdapter.call(Executors.java:572)\r\n\tat java.base/java.util.concurrent.FutureTask.run(FutureTask.java:317)\r\n\tat org.testng.internal.thread.graph.TestNGFutureTask.run(TestNGFutureTask.java:22)\r\n\tat java.base/java.util.concurrent.ThreadPoolExecutor.runWorker(ThreadPoolExecutor.java:1144)\r\n\tat java.base/java.util.concurrent.ThreadPoolExecutor$Worker.run(ThreadPoolExecutor.java:642)\r\n\tat java.base/java.lang.Thread.run(Thread.java:1583)\r\n"},"stage":"finished","steps":[{"name":"Opening 'Cryptonaute - L'actualité Crypto, Bitcoin, NFT et Web3' page...","status":"passed","stage":"finished","steps":[],"attachments":[],"parameters":[{"name":"pageLocator","value":"By.xpath: //a[@class='header-logo-link']//img"},{"name":"pageTitle","value":"Cryptonaute - L'actualité Crypto, Bitcoin, NFT et Web3"}],"start":1767620788483,"stop":1767620788483},{"name":"Checking whether opened page is correct...","status":"passed","stage":"finished","steps":[],"attachments":[],"parameters":[],"start":1767620788483,"stop":1767620788496},{"name":"Open BM Page","status":"passed","stage":"finished","steps":[],"attachments":[],"parameters":[],"start":1767620788499,"stop":1767620788499},{"name":"Pop up refused","status":"failed","statusDetails":{"known":false,"muted":false,"flaky":false,"message":"Button 'Refuse the pop up' is absent expected [true] but found [false]","trace":"java.lang.AssertionError: Button 'Refuse the pop up' is absent expected [true] but found [false]\r\n\tat org.testng.Assert.fail(Assert.java:111)\r\n\tat org.testng.Assert.failNotEquals(Assert.java:1590)\r\n\tat org.testng.Assert.assertTrue(Assert.java:57)\r\n\tat framework.elements.BaseElement.assertElementIsVisible(BaseElement.java:241)\r\n\tat framework.elements.BaseElement.moveToElement(BaseElement.java:338)\r\n\tat framework.elements.BaseElement.click(BaseElement.java:356)\r\n\tat com.cryptonaute.templates.BMPage.PopupClosed(BMPage.java:36)\r\n\tat com.cryptonaute.tests.BMTest.verifyThatBMPageIsOpenAsExpected(BMTest.java:27)\r\n\tat java.base/jdk.internal.reflect.DirectMethodHandleAccessor.invoke(DirectMethodHandleAccessor.java:103)\r\n\tat java.base/java.lang.reflect.Method.invoke(Method.java:580)\r\n\tat org.testng.internal.invokers.MethodInvocationHelper.invokeMethod(MethodInvocationHelper.java:141)\r\n\tat org.testng.internal.invokers.TestInvoker.invokeMethod(TestInvoker.java:687)\r\n\tat org.testng.internal.invokers.TestInvoker.invokeTestMethod(TestInvoker.java:230)\r\n\tat org.testng.internal.invokers.MethodRunner.runInSequence(MethodRunner.java:63)\r\n\tat org.testng.internal.invokers.TestInvoker$MethodInvocationAgent.invoke(TestInvoker.java:995)\r\n\tat org.testng.internal.invokers.TestInvoker.invokeTestMethods(TestInvoker.java:203)\r\n\tat org.testng.internal.invokers.TestMethodWorker.invokeTestMethods(TestMethodWorker.java:154)\r\n\tat org.testng.internal.invokers.TestMethodWorker.run(TestMethodWorker.java:134)\r\n\tat java.base/java.util.concurrent.Executors$RunnableAdapter.call(Executors.java:572)\r\n\tat java.base/java.util.concurrent.FutureTask.run(FutureTask.java:317)\r\n\tat org.testng.internal.thread.graph.TestNGFutureTask.run(TestNGFutureTask.java:22)\r\n\tat java.base/java.util.concurrent.ThreadPoolExecutor.runWorker(ThreadPoolExecutor.java:1144)\r\n\tat java.base/java.util.concurrent.ThreadPoolExecutor$Worker.run(ThreadPoolExecutor.java:642)\r\n\tat java.base/java.lang.Thread.run(Thread.java:1583)\r\n"},"stage":"finished","steps":[],"attachments":[],"parameters":[],"start":1767620791647,"stop":1767620887354}],"attachments":[],"parameters":[],"start":1767620683132,"stop":1767620887355}