{"uuid":"f7536e44-d5d6-477a-adf4-43e6e3b865e5","historyId":"cf2b77ea3f4143a06256cf4dfbe52900","fullName":"com.cryptonaute.tests.AuthorTest.verifyThatAuthorPageIsOpenedAndLooksAsExpected","labels":[{"name":"package","value":"com.cryptonaute.tests.AuthorTest"},{"name":"testClass","value":"com.cryptonaute.tests.AuthorTest"},{"name":"testMethod","value":"verifyThatAuthorPageIsOpenedAndLooksAsExpected"},{"name":"parentSuite","value":"Default Suite"},{"name":"suite","value":"Cryptonatue-master"},{"name":"subSuite","value":"com.cryptonaute.tests.AuthorTest"},{"name":"host","value":"Weisetech"},{"name":"thread","value":"18296@Weisetech.main(1)"},{"name":"framework","value":"testng"},{"name":"language","value":"java"}],"links":[],"name":"verifyThatAuthorPageIsOpenedAndLooksAsExpected","status":"broken","statusDetails":{"known":false,"muted":false,"flaky":false,"message":"For input string: \"1934         \"","trace":"java.lang.NumberFormatException: For input string: \"1934         \"\r\n\tat java.base/java.lang.NumberFormatException.forInputString(NumberFormatException.java:67)\r\n\tat java.base/java.lang.Integer.parseInt(Integer.java:662)\r\n\tat java.base/java.lang.Integer.parseInt(Integer.java:778)\r\n\tat com.cryptonaute.templates.AuthorPage.getAuthorArticleCount(AuthorPage.java:134)\r\n\tat com.cryptonaute.templates.AuthorPage.verifyAuthorArticleCountIsDisplayed(AuthorPage.java:142)\r\n\tat com.cryptonaute.tests.AuthorTest.verifyThatAuthorPageIsOpenedAndLooksAsExpected(AuthorTest.java:24)\r\n\tat java.base/jdk.internal.reflect.DirectMethodHandleAccessor.invoke(DirectMethodHandleAccessor.java:103)\r\n\tat java.base/java.lang.reflect.Method.invoke(Method.java:580)\r\n\tat org.testng.internal.invokers.MethodInvocationHelper.invokeMethod(MethodInvocationHelper.java:141)\r\n\tat org.testng.internal.invokers.TestInvoker.invokeMethod(TestInvoker.java:687)\r\n\tat org.testng.internal.invokers.TestInvoker.invokeTestMethod(TestInvoker.java:230)\r\n\tat org.testng.internal.invokers.MethodRunner.runInSequence(MethodRunner.java:63)\r\n\tat org.testng.internal.invokers.TestInvoker$MethodInvocationAgent.invoke(TestInvoker.java:995)\r\n\tat org.testng.internal.invokers.TestInvoker.invokeTestMethods(TestInvoker.java:203)\r\n\tat org.testng.internal.invokers.TestMethodWorker.invokeTestMethods(TestMethodWorker.java:154)\r\n\tat org.testng.internal.invokers.TestMethodWorker.run(TestMethodWorker.java:134)\r\n\tat java.base/java.util.ArrayList.forEach(ArrayList.java:1596)\r\n\tat org.testng.TestRunner.privateRun(TestRunner.java:741)\r\n\tat org.testng.TestRunner.run(TestRunner.java:616)\r\n\tat org.testng.SuiteRunner.runTest(SuiteRunner.java:421)\r\n\tat org.testng.SuiteRunner.runSequentially(SuiteRunner.java:413)\r\n\tat org.testng.SuiteRunner.privateRun(SuiteRunner.java:373)\r\n\tat org.testng.SuiteRunner.run(SuiteRunner.java:312)\r\n\tat org.testng.SuiteRunnerWorker.runSuite(SuiteRunnerWorker.java:52)\r\n\tat org.testng.SuiteRunnerWorker.run(SuiteRunnerWorker.java:95)\r\n\tat org.testng.TestNG.runSuitesSequentially(TestNG.java:1274)\r\n\tat org.testng.TestNG.runSuitesLocally(TestNG.java:1208)\r\n\tat org.testng.TestNG.runSuites(TestNG.java:1112)\r\n\tat org.testng.TestNG.run(TestNG.java:1079)\r\n\tat com.intellij.rt.testng.IDEARemoteTestNG.run(IDEARemoteTestNG.java:65)\r\n\tat com.intellij.rt.testng.RemoteTestNGStarter.main(RemoteTestNGStarter.java:105)\r\n"},"stage":"finished","steps":[{"name":"Open Author page","status":"passed","stage":"finished","steps":[],"attachments":[],"parameters":[],"start":1767776795322,"stop":1767776795323},{"name":"Verifying Author Blocks","status":"passed","stage":"finished","steps":[],"attachments":[],"parameters":[],"start":1767776798221,"stop":1767776802962},{"name":"Verifying Authors block data","status":"passed","stage":"finished","steps":[],"attachments":[],"parameters":[{"name":"name","value":"Romaric Saint Aubert"}],"start":1767776802964,"stop":1767776802992},{"name":"Verifying X button","status":"passed","stage":"finished","steps":[],"attachments":[],"parameters":[],"start":1767776802992,"stop":1767776803029},{"name":"Verifying LinkedIn button","status":"passed","stage":"finished","steps":[],"attachments":[],"parameters":[],"start":1767776803029,"stop":1767776803060},{"name":"Verifying Show more button","status":"passed","stage":"finished","steps":[],"attachments":[],"parameters":[],"start":1767776803060,"stop":1767776803070},{"name":"Verify author article count is greater than zero","status":"broken","statusDetails":{"known":false,"muted":false,"flaky":false,"message":"For input string: \"1934         \"","trace":"java.lang.NumberFormatException: For input string: \"1934         \"\r\n\tat java.base/java.lang.NumberFormatException.forInputString(NumberFormatException.java:67)\r\n\tat java.base/java.lang.Integer.parseInt(Integer.java:662)\r\n\tat java.base/java.lang.Integer.parseInt(Integer.java:778)\r\n\tat com.cryptonaute.templates.AuthorPage.getAuthorArticleCount(AuthorPage.java:134)\r\n\tat com.cryptonaute.templates.AuthorPage.verifyAuthorArticleCountIsDisplayed(AuthorPage.java:142)\r\n\tat com.cryptonaute.tests.AuthorTest.verifyThatAuthorPageIsOpenedAndLooksAsExpected(AuthorTest.java:24)\r\n\tat java.base/jdk.internal.reflect.DirectMethodHandleAccessor.invoke(DirectMethodHandleAccessor.java:103)\r\n\tat java.base/java.lang.reflect.Method.invoke(Method.java:580)\r\n\tat org.testng.internal.invokers.MethodInvocationHelper.invokeMethod(MethodInvocationHelper.java:141)\r\n\tat org.testng.internal.invokers.TestInvoker.invokeMethod(TestInvoker.java:687)\r\n\tat org.testng.internal.invokers.TestInvoker.invokeTestMethod(TestInvoker.java:230)\r\n\tat org.testng.internal.invokers.MethodRunner.runInSequence(MethodRunner.java:63)\r\n\tat org.testng.internal.invokers.TestInvoker$MethodInvocationAgent.invoke(TestInvoker.java:995)\r\n\tat org.testng.internal.invokers.TestInvoker.invokeTestMethods(TestInvoker.java:203)\r\n\tat org.testng.internal.invokers.TestMethodWorker.invokeTestMethods(TestMethodWorker.java:154)\r\n\tat org.testng.internal.invokers.TestMethodWorker.run(TestMethodWorker.java:134)\r\n\tat java.base/java.util.ArrayList.forEach(ArrayList.java:1596)\r\n\tat org.testng.TestRunner.privateRun(TestRunner.java:741)\r\n\tat org.testng.TestRunner.run(TestRunner.java:616)\r\n\tat org.testng.SuiteRunner.runTest(SuiteRunner.java:421)\r\n\tat org.testng.SuiteRunner.runSequentially(SuiteRunner.java:413)\r\n\tat org.testng.SuiteRunner.privateRun(SuiteRunner.java:373)\r\n\tat org.testng.SuiteRunner.run(SuiteRunner.java:312)\r\n\tat org.testng.SuiteRunnerWorker.runSuite(SuiteRunnerWorker.java:52)\r\n\tat org.testng.SuiteRunnerWorker.run(SuiteRunnerWorker.java:95)\r\n\tat org.testng.TestNG.runSuitesSequentially(TestNG.java:1274)\r\n\tat org.testng.TestNG.runSuitesLocally(TestNG.java:1208)\r\n\tat org.testng.TestNG.runSuites(TestNG.java:1112)\r\n\tat org.testng.TestNG.run(TestNG.java:1079)\r\n\tat com.intellij.rt.testng.IDEARemoteTestNG.run(IDEARemoteTestNG.java:65)\r\n\tat com.intellij.rt.testng.RemoteTestNGStarter.main(RemoteTestNGStarter.java:105)\r\n"},"stage":"finished","steps":[{"name":"Get author article count","status":"broken","statusDetails":{"known":false,"muted":false,"flaky":false,"message":"For input string: \"1934         \"","trace":"java.lang.NumberFormatException: For input string: \"1934         \"\r\n\tat java.base/java.lang.NumberFormatException.forInputString(NumberFormatException.java:67)\r\n\tat java.base/java.lang.Integer.parseInt(Integer.java:662)\r\n\tat java.base/java.lang.Integer.parseInt(Integer.java:778)\r\n\tat com.cryptonaute.templates.AuthorPage.getAuthorArticleCount(AuthorPage.java:134)\r\n\tat com.cryptonaute.templates.AuthorPage.verifyAuthorArticleCountIsDisplayed(AuthorPage.java:142)\r\n\tat com.cryptonaute.tests.AuthorTest.verifyThatAuthorPageIsOpenedAndLooksAsExpected(AuthorTest.java:24)\r\n\tat java.base/jdk.internal.reflect.DirectMethodHandleAccessor.invoke(DirectMethodHandleAccessor.java:103)\r\n\tat java.base/java.lang.reflect.Method.invoke(Method.java:580)\r\n\tat org.testng.internal.invokers.MethodInvocationHelper.invokeMethod(MethodInvocationHelper.java:141)\r\n\tat org.testng.internal.invokers.TestInvoker.invokeMethod(TestInvoker.java:687)\r\n\tat org.testng.internal.invokers.TestInvoker.invokeTestMethod(TestInvoker.java:230)\r\n\tat org.testng.internal.invokers.MethodRunner.runInSequence(MethodRunner.java:63)\r\n\tat org.testng.internal.invokers.TestInvoker$MethodInvocationAgent.invoke(TestInvoker.java:995)\r\n\tat org.testng.internal.invokers.TestInvoker.invokeTestMethods(TestInvoker.java:203)\r\n\tat org.testng.internal.invokers.TestMethodWorker.invokeTestMethods(TestMethodWorker.java:154)\r\n\tat org.testng.internal.invokers.TestMethodWorker.run(TestMethodWorker.java:134)\r\n\tat java.base/java.util.ArrayList.forEach(ArrayList.java:1596)\r\n\tat org.testng.TestRunner.privateRun(TestRunner.java:741)\r\n\tat org.testng.TestRunner.run(TestRunner.java:616)\r\n\tat org.testng.SuiteRunner.runTest(SuiteRunner.java:421)\r\n\tat org.testng.SuiteRunner.runSequentially(SuiteRunner.java:413)\r\n\tat org.testng.SuiteRunner.privateRun(SuiteRunner.java:373)\r\n\tat org.testng.SuiteRunner.run(SuiteRunner.java:312)\r\n\tat org.testng.SuiteRunnerWorker.runSuite(SuiteRunnerWorker.java:52)\r\n\tat org.testng.SuiteRunnerWorker.run(SuiteRunnerWorker.java:95)\r\n\tat org.testng.TestNG.runSuitesSequentially(TestNG.java:1274)\r\n\tat org.testng.TestNG.runSuitesLocally(TestNG.java:1208)\r\n\tat org.testng.TestNG.runSuites(TestNG.java:1112)\r\n\tat org.testng.TestNG.run(TestNG.java:1079)\r\n\tat com.intellij.rt.testng.IDEARemoteTestNG.run(IDEARemoteTestNG.java:65)\r\n\tat com.intellij.rt.testng.RemoteTestNGStarter.main(RemoteTestNGStarter.java:105)\r\n"},"stage":"finished","steps":[],"attachments":[],"parameters":[],"start":1767776803081,"stop":1767776803097}],"attachments":[],"parameters":[],"start":1767776803070,"stop":1767776803097}],"attachments":[],"parameters":[],"start":1767776795217,"stop":1767776803100}